<?xml version="1.0" encoding="UTF-8"?>
<testsuite xmlns:xsi="http://www.w3.org/2001/XMLSchema-instance" xsi:schemaLocation="https://maven.apache.org/surefire/maven-surefire-plugin/xsd/surefire-test-report.xsd" name="BankAccountTest" time="0.073" tests="8" errors="0" skipped="0" failures="0">
  <properties>
[...]
</properties>
  <testcase name="testAddMoney" classname="BankAccountTest" time="0.005"/>
  <testcase name="checkAccountNumberIsSet" classname="BankAccountTest" time="0"/>
  <testcase name="checkAccountNumberValue" classname="BankAccountTest" time="0"/>
  <testcase name="checkInintialBalance" classname="BankAccountTest" time="0"/>
  <testcase name="checkInintialAccountNumber" classname="BankAccountTest" time="0"/>
  <testcase name="testMinusMoneyHigherThenZero" classname="BankAccountTest" time="0"/>
  <testcase name="testMinusMoneyToZero" classname="BankAccountTest" time="0"/>
  <testcase name="testMinusMoneyLessThenZero" classname="BankAccountTest" time="0.001"/>
</testsuite>